2024-08-10 10:59:15,893:INFO:Connected to database1 at localhost
2024-08-10 10:59:15,897:INFO:Connected to database2 at localhost
2024-08-10 10:59:15,899:INFO:Executed: /*!40101 SET @OLD_CHARACTER_SET_RESULTS=@@CHARACTER_SET_RESULTS */
2024-08-10 10:59:15,900:INFO:Executed: /*!40101 SET @OLD_COLLATION_CONNECTION=@@COLLATION_CONNECTION */
2024-08-10 10:59:15,900:INFO:Executed: /*!50503 SET NAMES utf8mb4 */
2024-08-10 10:59:15,900:INFO:Executed: /*!40103 SET @OLD_TIME_ZONE=@@TIME_ZONE */
2024-08-10 10:59:15,901:INFO:Executed: /*!40103 SET TIME_ZONE='+00:00' */
2024-08-10 10:59:15,901:INFO:Executed: /*!40014 SET @OLD_UNIQUE_CHECKS=@@UNIQUE_CHECKS, UNIQUE_CHECKS=0 */
2024-08-10 10:59:15,901:INFO:Executed: /*!40014 SET @OLD_FOREIGN_KEY_CHECKS=@@FOREIGN_KEY_CHECKS, FOREIGN_KEY_CHECKS=0 */
2024-08-10 10:59:15,901:INFO:Executed: /*!40101 SET @OLD_SQL_MODE=@@SQL_MODE, SQL_MODE='NO_AUTO_VALUE_ON_ZERO' */
2024-08-10 10:59:15,902:INFO:Executed: /*!40111 SET @OLD_SQL_NOTES=@@SQL_NOTES, SQL_NOTES=0 */
2024-08-10 10:59:15,902:INFO:Executed: /*!40101 SET @saved_cs_client     = @@character_set_client */
2024-08-10 10:59:16,011:INFO:Executed: /*!50503 SET character_set_client = utf8mb4 */
2024-08-10 10:59:16,011:INFO:Executed: CREATE TABLE `assay` (
  `pkey` int NOT NULL AUTO_INCREMENT,
  `assay_id` varchar(40) NOT NULL,
  `assay_type` varchar(10) DEFAULT NULL,
  `compound_pkey` int NOT NULL,
  `target_pkey` int NOT NULL,
  `assay_ic50` float DEFAULT NULL,
  `datestamp` datetime DEFAULT NULL,
  PRIMARY KEY (`pkey`),
  KEY `assay_target_FK` (`target_pkey`),
  KEY `assay_compounds_FK` (`compound_pkey`),
  CONSTRAINT `assay_compounds_FK` FOREIGN KEY (`compound_pkey`) REFERENCES `compounds` (`pkey`),
  CONSTRAINT `assay_target_FK` FOREIGN KEY (`target_pkey`) REFERENCES `target` (`pkey`)
) ENGINE=InnoDB AUTO_INCREMENT=16 DEFAULT CHARSET=utf8mb4 COLLATE=utf8mb4_0900_ai_ci
2024-08-10 10:59:16,012:INFO:Executed: /*!40101 SET character_set_client = @saved_cs_client */
2024-08-10 10:59:16,230:INFO:Executed: /*!40000 ALTER TABLE `assay` DISABLE KEYS */
2024-08-10 10:59:16,231:INFO:Executed: INSERT INTO `assay` VALUES (1,'Assay1',NULL,1,1,0.000004,'2024-05-14 14:48:11'),(2,'Assay2',NULL,2,1,0.658465,'2024-05-14 14:50:17'),(3,'Assay3',NULL,3,1,0.651651,'2024-05-14 14:58:19'),(4,'Assay4',NULL,4,4,0.77,'2024-05-14 14:58:22'),(5,'Assay5',NULL,5,4,0.5468,'2024-05-14 14:58:26'),(6,'Assay6',NULL,6,6,0.651652,'2024-05-14 14:58:30'),(7,'Assay7',NULL,7,7,0.65,'2024-05-14 15:01:17'),(8,'Assay8',NULL,8,8,0.651,'2024-05-14 15:01:25'),(9,'Assay9',NULL,9,10,0.651,'2024-05-14 14:58:42'),(10,'Assay10',NULL,10,10,0.651,'2024-05-14 14:58:45'),(11,'Assay11',NULL,11,10,0.000045,'2024-05-14 15:10:19'),(12,'Assay12',NULL,11,13,0.6516,'2024-05-14 15:10:57'),(13,'Assay13',NULL,13,13,0.0000009,'2024-05-14 15:10:29'),(14,'Assay14',NULL,14,13,0.000651651,'2024-05-14 15:10:35'),(15,'Assay15',NULL,15,13,0.054651,'2024-05-14 15:10:40')
2024-08-10 10:59:16,231:INFO:Executed: /*!40000 ALTER TABLE `assay` ENABLE KEYS */
2024-08-10 10:59:16,243:INFO:Executed: UNLOCK TABLES
2024-08-10 10:59:16,244:INFO:Executed: /*!40101 SET @saved_cs_client     = @@character_set_client */
2024-08-10 10:59:16,305:INFO:Executed: /*!50503 SET character_set_client = utf8mb4 */
2024-08-10 10:59:16,305:INFO:Executed: CREATE TABLE `compounds` (
  `pkey` int NOT NULL AUTO_INCREMENT,
  `compoundid` varchar(20) NOT NULL,
  `preferredname` varchar(255) DEFAULT NULL,
  `smiles` varchar(500) NOT NULL,
  `datestamp` datetime DEFAULT NULL,
  PRIMARY KEY (`pkey`)
) ENGINE=InnoDB AUTO_INCREMENT=16 DEFAULT CHARSET=utf8mb4 COLLATE=utf8mb4_0900_ai_ci
2024-08-10 10:59:16,407:INFO:Executed: /*!40101 SET character_set_client = @saved_cs_client */
2024-08-10 10:59:16,407:INFO:Executed: /*!40000 ALTER TABLE `compounds` DISABLE KEYS */
2024-08-10 10:59:16,408:INFO:Executed: INSERT INTO `compounds` VALUES (1,'Compound1','one','O=Cc1ccc(O)c(OC)c1','2024-05-14 14:48:10'),(2,'Compound2','two','CC(=O)NCCC1=CNc2c1cc(OC)cc2','2024-05-14 14:50:15'),(3,'Compound3','three','CCc(c1)ccc2[n+]1ccc3c2[nH]c4c3cccc4','2024-05-14 14:58:17'),(4,'Compound4','four','CN1CCC[C@H]1c2cccnc2','2024-05-14 14:58:21'),(5,'Compound5','five','CCC[C@@H](O)CC\\C=C\\C=C\\C#CC#C\\C=C\\CO','2024-05-14 14:58:24'),(6,'Compound6','six','CC1=C(C(=O)C[C@@H]1OC(=O)[C@@H]2[C@H]','2024-05-14 14:58:28'),(7,'Compound7','seven','O1C=C[C@H]([C@H]1O2)c3c2cc(OC)c4c3OC(=O)C5=C4CCC(=O)5','2024-05-14 15:01:15'),(8,'Compound8','eight','OC[C@@H](O1)[C@@H](O)[C@H](O)[C@@H](O)[C@H](O)1','2024-05-14 15:01:22'),(9,'Compound9','nine','OC[C@@H](O1)[C@@H](O)[C@H](O)','2024-05-14 14:58:40'),(10,'Compound10','ten','CC(=O)OCCC(/C)=C\\C[C@H](C(C)=C)CCC=C','2024-05-14 14:58:43'),(11,'Compound11','eleven','CC[C@H](O1)CC[C@@]12CCCO2','2024-05-14 15:10:18'),(12,'Compound12','twelve','CC(C)[C@@]12C[C@@H]1[C@@H](C)C(=O)C2','2024-05-14 15:10:24'),(13,'Compound13','thirteen','OCCc1c(C)[n+](cs1)Cc2cnc(C)nc2N','2024-05-14 15:10:27'),(14,'Compound14','one','COc1cc(C=O)ccc1O','2024-05-14 15:10:33'),(15,'Compound15','two','CC(=O)NCCc1c[nH]c2ccc(OC)cc12','2024-05-14 15:10:38')
2024-08-10 10:59:16,583:INFO:Executed: /*!40000 ALTER TABLE `compounds` ENABLE KEYS */
2024-08-10 10:59:16,584:INFO:Executed: UNLOCK TABLES
2024-08-10 10:59:16,584:INFO:Executed: /*!40101 SET @saved_cs_client     = @@character_set_client */
2024-08-10 10:59:16,603:INFO:Executed: /*!50503 SET character_set_client = utf8mb4 */
2024-08-10 10:59:16,604:INFO:Executed: CREATE TABLE `target` (
  `pkey` int NOT NULL AUTO_INCREMENT,
  `gene_symbol` varchar(25) NOT NULL,
  `synonyms` varchar(250) DEFAULT NULL,
  `description` varchar(255) DEFAULT NULL,
  `ncbi_gene_id` bigint NOT NULL,
  `datestamp` datetime NOT NULL,
  PRIMARY KEY (`pkey`)
) ENGINE=InnoDB AUTO_INCREMENT=21 DEFAULT CHARSET=utf8mb4 COLLATE=utf8mb4_0900_ai_ci
2024-08-10 10:59:16,708:INFO:Executed: /*!40101 SET character_set_client = @saved_cs_client */
2024-08-10 10:59:16,709:INFO:Executed: /*!40000 ALTER TABLE `target` DISABLE KEYS */
2024-08-10 10:59:16,971:INFO:Executed: INSERT INTO `target` VALUES (1,'Target1','one','First target',1,'2024-05-14 14:48:00'),(2,'Target2','two','Second target',2,'2024-05-14 14:50:00'),(3,'Target3','three','Third target',3,'2024-05-14 14:58:15'),(4,'Target4','four','Fourth target',4,'2024-05-14 14:58:20'),(5,'Target5','five','Fith target',5,'2024-05-14 14:58:22'),(6,'Target6','six','Sixth target',6,'2024-05-14 14:58:25'),(7,'Target7','seven','Seventh target',7,'2024-05-14 15:01:10'),(8,'Target8','eight','Eighth target',8,'2024-05-14 15:01:15'),(9,'Target9','nine','Nineth target',9,'2024-05-14 14:58:35'),(10,'Target10','ten','Tenth target',10,'2024-05-14 14:58:40'),(11,'Target11','eleven','Eleventh target',11,'2024-05-14 15:10:15'),(12,'Target12','twelve','Twelvth target',12,'2024-05-14 15:10:20'),(13,'Target13','thirteen','Thirteenth target',13,'2024-05-14 15:10:25'),(14,'Target14','fourteen','Fourteenth target',14,'2024-05-14 15:10:30'),(15,'Target15','fithteen','Fifteenth target',15,'2024-05-14 15:10:35'),(16,'Target17','seventeen','Seventeenth target',17,'2024-05-14 15:35:00'),(17,'Target18','eighteen','Eighteenth target',18,'2024-05-14 15:35:15'),(18,'Target20','Twenty','Twentyth target',20,'2024-05-14 15:45:15'),(19,'Target21','Twenty one','Twenty first target',21,'2024-05-14 15:46:00'),(20,'Target22','Twenty two','Twenty second target',22,'2024-05-14 15:47:00')
2024-08-10 10:59:16,971:INFO:Executed: /*!40000 ALTER TABLE `target` ENABLE KEYS */
2024-08-10 10:59:16,972:INFO:Executed: UNLOCK TABLES
2024-08-10 10:59:17,228:INFO:Executed: /*!40101 SET SQL_MODE=@OLD_SQL_MODE */
2024-08-10 10:59:17,229:INFO:Executed: /*!40014 SET FOREIGN_KEY_CHECKS=@OLD_FOREIGN_KEY_CHECKS */
2024-08-10 10:59:17,229:INFO:Executed: /*!40014 SET UNIQUE_CHECKS=@OLD_UNIQUE_CHECKS */
2024-08-10 10:59:17,255:INFO:Executed: /*!40101 SET CHARACTER_SET_CLIENT=@OLD_CHARACTER_SET_CLIENT */
2024-08-10 10:59:17,256:INFO:Executed: /*!40101 SET CHARACTER_SET_RESULTS=@OLD_CHARACTER_SET_RESULTS */
2024-08-10 10:59:17,353:INFO:Executed: /*!40101 SET COLLATION_CONNECTION=@OLD_COLLATION_CONNECTION */
2024-08-10 10:59:17,354:INFO:Executed: /*!40111 SET SQL_NOTES=@OLD_SQL_NOTES */
2024-08-10 10:59:17,354:INFO:Executed: stmt_overflow!
2024-08-10 10:59:17,354:INFO:Executed: stmt_overflow!
2024-08-10 10:59:17,354:INFO:Executed: stmt_overflow!
2024-08-10 10:59:17,355:INFO:Executed: stmt_overflow!
2024-08-10 10:59:17,355:INFO:Executed: stmt_overflow!
2024-08-10 10:59:17,355:INFO:Executed: stmt_overflow!
2024-08-10 10:59:17,355:INFO:Executed: stmt_overflow!
2024-08-10 10:59:17,356:INFO:Executed: stmt_overflow!
2024-08-10 10:59:17,356:INFO:Executed: stmt_overflow!
2024-08-10 10:59:17,356:INFO:Executed SQL file: data/dump-database1.sql
2024-08-10 10:59:17,358:INFO:Executed: /*!40101 SET @OLD_CHARACTER_SET_RESULTS=@@CHARACTER_SET_RESULTS */
2024-08-10 10:59:17,358:INFO:Executed: /*!40101 SET @OLD_COLLATION_CONNECTION=@@COLLATION_CONNECTION */
2024-08-10 10:59:17,359:INFO:Executed: /*!50503 SET NAMES utf8mb4 */
2024-08-10 10:59:17,359:INFO:Executed: /*!40103 SET @OLD_TIME_ZONE=@@TIME_ZONE */
2024-08-10 10:59:17,359:INFO:Executed: /*!40103 SET TIME_ZONE='+00:00' */
2024-08-10 10:59:17,359:INFO:Executed: /*!40014 SET @OLD_UNIQUE_CHECKS=@@UNIQUE_CHECKS, UNIQUE_CHECKS=0 */
2024-08-10 10:59:17,359:INFO:Executed: /*!40014 SET @OLD_FOREIGN_KEY_CHECKS=@@FOREIGN_KEY_CHECKS, FOREIGN_KEY_CHECKS=0 */
2024-08-10 10:59:17,360:INFO:Executed: /*!40101 SET @OLD_SQL_MODE=@@SQL_MODE, SQL_MODE='NO_AUTO_VALUE_ON_ZERO' */
2024-08-10 10:59:17,360:INFO:Executed: /*!40111 SET @OLD_SQL_NOTES=@@SQL_NOTES, SQL_NOTES=0 */
2024-08-10 10:59:17,360:INFO:Executed: /*!40101 SET @saved_cs_client     = @@character_set_client */
2024-08-10 10:59:17,457:INFO:Executed: /*!50503 SET character_set_client = utf8mb4 */
2024-08-10 10:59:17,457:INFO:Executed: CREATE TABLE `assay` (
  `pkey` int NOT NULL AUTO_INCREMENT,
  `assay_id` varchar(40) NOT NULL,
  `assay_type` varchar(10) DEFAULT NULL,
  `compound_pkey` int NOT NULL,
  `target_pkey` int NOT NULL,
  `assay_ic50` float DEFAULT NULL,
  `datestamp` datetime DEFAULT NULL,
  PRIMARY KEY (`pkey`),
  KEY `assay_target_FK` (`target_pkey`),
  KEY `assay_compounds_FK` (`compound_pkey`),
  CONSTRAINT `assay_compounds_FK` FOREIGN KEY (`compound_pkey`) REFERENCES `compounds` (`pkey`),
  CONSTRAINT `assay_target_FK` FOREIGN KEY (`target_pkey`) REFERENCES `target` (`pkey`)
) ENGINE=InnoDB AUTO_INCREMENT=11 DEFAULT CHARSET=utf8mb4 COLLATE=utf8mb4_0900_ai_ci
2024-08-10 10:59:17,457:INFO:Executed: /*!40101 SET character_set_client = @saved_cs_client */
2024-08-10 10:59:17,729:INFO:Executed: /*!40000 ALTER TABLE `assay` DISABLE KEYS */
2024-08-10 10:59:17,730:INFO:Executed: INSERT INTO `assay` VALUES (1,'Assay1','',1,1,0.000004,'2024-05-14 14:48:11'),(2,'Assay2','',2,1,0.6516,'2024-05-14 14:50:17'),(3,'Assay3','',3,1,0.651651,'2024-05-14 14:58:19'),(4,'Assay4','',4,4,0.77,'2024-05-14 14:58:22'),(5,'Assay5','',5,4,0.5468,'2024-05-14 14:58:26'),(6,'Assay6','',6,11,0.65165,'2024-05-14 15:38:00'),(7,'Assay7','',7,7,0.65,'2024-05-14 15:01:17'),(8,'Assay8','',8,8,0.7,'2024-05-14 15:01:25'),(9,'Assay9','',9,10,0.651,'2024-05-14 14:58:42'),(10,'Assay10','',10,12,0.968136,'2024-05-14 16:00:04')
2024-08-10 10:59:17,731:INFO:Executed: /*!40000 ALTER TABLE `assay` ENABLE KEYS */
2024-08-10 10:59:17,749:INFO:Executed: UNLOCK TABLES
2024-08-10 10:59:17,750:INFO:Executed: /*!40101 SET @saved_cs_client     = @@character_set_client */
2024-08-10 10:59:17,801:INFO:Executed: /*!50503 SET character_set_client = utf8mb4 */
2024-08-10 10:59:17,801:INFO:Executed: CREATE TABLE `compounds` (
  `pkey` int NOT NULL AUTO_INCREMENT,
  `compoundid` varchar(20) NOT NULL,
  `preferredname` varchar(255) DEFAULT NULL,
  `smiles` varchar(500) NOT NULL,
  `datestamp` datetime DEFAULT NULL,
  PRIMARY KEY (`pkey`)
) ENGINE=InnoDB AUTO_INCREMENT=11 DEFAULT CHARSET=utf8mb4 COLLATE=utf8mb4_0900_ai_ci
2024-08-10 10:59:17,896:INFO:Executed: /*!40101 SET character_set_client = @saved_cs_client */
2024-08-10 10:59:17,896:INFO:Executed: /*!40000 ALTER TABLE `compounds` DISABLE KEYS */
2024-08-10 10:59:17,897:INFO:Executed: INSERT INTO `compounds` VALUES (1,'Compound1','one','O=Cc1ccc(O)c(OC)c1','2024-05-14 14:48:10'),(2,'Compound2','two','CC(=O)NCCC1=CNc2c1cc(OC)cc2','2024-05-14 14:50:15'),(3,'Compound3','three','CCc(c1)ccc2[n+]1ccc3c2[nH]c4c3cccc4','2024-05-14 14:58:17'),(4,'Compound4','four','CN1CCC[C@H]1c2cccnc2','2024-05-14 14:58:21'),(5,'Compound5','five','CCC[C@@H](O)CC\\C=C\\C=C\\C#CC#C\\C=C\\CO','2024-05-14 14:58:24'),(6,'Compound6','six','CC1=C(C(=O)C[C@@H]1OC(=O)[C@@H]2[C@H]','2024-05-14 14:58:28'),(7,'Compound7','seven','O1C=C[C@H]([C@H]1O2)c3c2cc(OC)c4c3OC(=O)C5=C4CCC(=O)5','2024-05-14 15:01:15'),(8,'Compound8','eight','OC[C@@H](O1)[C@@H](O)[C@H](O)[C@@H](O)[C@H](O)1','2024-05-14 15:01:22'),(9,'Compound9','nine','OC[C@@H](O1)[C@@H](O)[C@H](O)','2024-05-14 14:58:40'),(10,'Compound10','ten','CC(=O)OCCC(/C)=C\\C[C@H](C(C)=C)CCC=C','2024-05-14 14:58:43')
2024-08-10 10:59:18,054:INFO:Executed: /*!40000 ALTER TABLE `compounds` ENABLE KEYS */
2024-08-10 10:59:18,054:INFO:Executed: UNLOCK TABLES
2024-08-10 10:59:18,055:INFO:Executed: /*!40101 SET @saved_cs_client     = @@character_set_client */
2024-08-10 10:59:18,066:INFO:Executed: /*!50503 SET character_set_client = utf8mb4 */
2024-08-10 10:59:18,067:INFO:Executed: CREATE TABLE `target` (
  `pkey` int NOT NULL AUTO_INCREMENT,
  `gene_symbol` varchar(25) NOT NULL,
  `synonyms` varchar(250) DEFAULT NULL,
  `description` varchar(255) DEFAULT NULL,
  `ncbi_gene_id` bigint NOT NULL,
  `datestamp` datetime NOT NULL,
  PRIMARY KEY (`pkey`)
) ENGINE=InnoDB AUTO_INCREMENT=13 DEFAULT CHARSET=utf8mb4 COLLATE=utf8mb4_0900_ai_ci
2024-08-10 10:59:18,106:INFO:Executed: /*!40101 SET character_set_client = @saved_cs_client */
2024-08-10 10:59:18,106:INFO:Executed: /*!40000 ALTER TABLE `target` DISABLE KEYS */
2024-08-10 10:59:18,211:INFO:Executed: INSERT INTO `target` VALUES (1,'Target1','one','First target',1,'2024-05-14 14:58:00'),(2,'Target2','two','Second target',2,'2024-05-14 14:58:10'),(3,'Target3','three','Third target',3,'2024-05-14 14:58:15'),(4,'Target4','four','Fourth target',4,'2024-05-14 14:58:20'),(5,'Target5','five','Fith target',5,'2024-05-14 14:58:22'),(6,'Target6','six','Sixth target',6,'2024-05-14 14:58:25'),(7,'Target7','seven','Seventh target',7,'2024-05-14 14:58:28'),(8,'Target8','eight','Eighth target',8,'2024-05-14 14:58:30'),(9,'Target9','nine','Nineth target',9,'2024-05-14 14:58:35'),(10,'Target10','ten','Tenth target',10,'2024-05-14 14:58:40'),(11,'Target16','Sixteen','Sixteenth target',16,'2024-05-14 15:34:00'),(12,'Target19','Nineteen','ineteenth target',19,'2024-05-14 15:45:00')
2024-08-10 10:59:18,211:INFO:Executed: /*!40000 ALTER TABLE `target` ENABLE KEYS */
2024-08-10 10:59:18,211:INFO:Executed: UNLOCK TABLES
2024-08-10 10:59:18,363:INFO:Executed: /*!40101 SET SQL_MODE=@OLD_SQL_MODE */
2024-08-10 10:59:18,363:INFO:Executed: /*!40014 SET FOREIGN_KEY_CHECKS=@OLD_FOREIGN_KEY_CHECKS */
2024-08-10 10:59:18,364:INFO:Executed: /*!40014 SET UNIQUE_CHECKS=@OLD_UNIQUE_CHECKS */
2024-08-10 10:59:18,374:INFO:Executed: /*!40101 SET CHARACTER_SET_CLIENT=@OLD_CHARACTER_SET_CLIENT */
2024-08-10 10:59:18,375:INFO:Executed: /*!40101 SET CHARACTER_SET_RESULTS=@OLD_CHARACTER_SET_RESULTS */
2024-08-10 10:59:18,429:INFO:Executed: /*!40101 SET COLLATION_CONNECTION=@OLD_COLLATION_CONNECTION */
2024-08-10 10:59:18,429:INFO:Executed: /*!40111 SET SQL_NOTES=@OLD_SQL_NOTES */
2024-08-10 10:59:18,430:INFO:Executed: stmt_overflow!
2024-08-10 10:59:18,430:INFO:Executed: stmt_overflow!
2024-08-10 10:59:18,430:INFO:Executed: stmt_overflow!
2024-08-10 10:59:18,430:INFO:Executed: stmt_overflow!
2024-08-10 10:59:18,431:INFO:Executed: stmt_overflow!
2024-08-10 10:59:18,431:INFO:Executed: stmt_overflow!
2024-08-10 10:59:18,431:INFO:Executed: stmt_overflow!
2024-08-10 10:59:18,431:INFO:Executed: stmt_overflow!
2024-08-10 10:59:18,432:INFO:Executed: stmt_overflow!
2024-08-10 10:59:18,432:INFO:Executed SQL file: data/dump-database2.sql
2024-08-10 10:59:18,432:INFO:Synchronizing table target from database1 to database2...
2024-08-10 10:59:18,434:INFO:Updated record with pkey 1 in target.
2024-08-10 10:59:18,434:INFO:Updated record with pkey 2 in target.
2024-08-10 10:59:18,435:INFO:Updated record with pkey 7 in target.
2024-08-10 10:59:18,435:INFO:Updated record with pkey 8 in target.
2024-08-10 10:59:18,435:INFO:Updated record with pkey 11 in target.
2024-08-10 10:59:18,436:INFO:Updated record with pkey 12 in target.
2024-08-10 10:59:18,436:INFO:Inserted new record with pkey 13 into target.
2024-08-10 10:59:18,437:INFO:Inserted new record with pkey 14 into target.
2024-08-10 10:59:18,437:INFO:Inserted new record with pkey 15 into target.
2024-08-10 10:59:18,437:INFO:Inserted new record with pkey 16 into target.
2024-08-10 10:59:18,438:INFO:Inserted new record with pkey 17 into target.
2024-08-10 10:59:18,438:INFO:Inserted new record with pkey 18 into target.
2024-08-10 10:59:18,438:INFO:Inserted new record with pkey 19 into target.
2024-08-10 10:59:18,439:INFO:Inserted new record with pkey 20 into target.
2024-08-10 10:59:18,464:INFO:Synchronized table: target
2024-08-10 10:59:18,465:INFO:Synchronizing table target from database1 to database2...
2024-08-10 10:59:18,465:INFO:Synchronized table: target
2024-08-10 10:59:18,466:INFO:Synchronizing table compounds from database1 to database2...
2024-08-10 10:59:18,467:INFO:Inserted new record with pkey 11 into compounds.
2024-08-10 10:59:18,468:INFO:Inserted new record with pkey 12 into compounds.
2024-08-10 10:59:18,468:INFO:Inserted new record with pkey 13 into compounds.
2024-08-10 10:59:18,468:INFO:Inserted new record with pkey 14 into compounds.
2024-08-10 10:59:18,469:INFO:Inserted new record with pkey 15 into compounds.
2024-08-10 10:59:18,496:INFO:Synchronized table: compounds
2024-08-10 10:59:18,497:INFO:Synchronizing table compounds from database1 to database2...
2024-08-10 10:59:18,498:INFO:Synchronized table: compounds
2024-08-10 10:59:18,498:INFO:Synchronizing table assay from database1 to database2...
2024-08-10 10:59:18,500:INFO:Updated record with pkey 1 in assay.
2024-08-10 10:59:18,501:INFO:Updated record with pkey 2 in assay.
2024-08-10 10:59:18,501:INFO:Updated record with pkey 3 in assay.
2024-08-10 10:59:18,502:INFO:Updated record with pkey 4 in assay.
2024-08-10 10:59:18,502:INFO:Updated record with pkey 5 in assay.
2024-08-10 10:59:18,503:INFO:Updated record with pkey 6 in assay.
2024-08-10 10:59:18,503:INFO:Updated record with pkey 7 in assay.
2024-08-10 10:59:18,503:INFO:Updated record with pkey 8 in assay.
2024-08-10 10:59:18,504:INFO:Updated record with pkey 9 in assay.
2024-08-10 10:59:18,504:INFO:Updated record with pkey 10 in assay.
2024-08-10 10:59:18,505:INFO:Inserted new record with pkey 11 into assay.
2024-08-10 10:59:18,505:INFO:Inserted new record with pkey 12 into assay.
2024-08-10 10:59:18,505:INFO:Inserted new record with pkey 13 into assay.
2024-08-10 10:59:18,506:INFO:Inserted new record with pkey 14 into assay.
2024-08-10 10:59:18,506:INFO:Inserted new record with pkey 15 into assay.
2024-08-10 10:59:18,529:INFO:Synchronized table: assay
2024-08-10 10:59:18,530:INFO:Synchronizing table assay from database1 to database2...
2024-08-10 10:59:18,532:INFO:Synchronized table: assay
2024-08-10 10:59:18,532:INFO:Populating 1000 records in compounds...
2024-08-10 10:59:18,791:INFO:Populated 1000 records in compounds
2024-08-10 10:59:18,792:INFO:Simulating concurrent update on assay...
2024-08-10 10:59:18,792:INFO:Simulating concurrent update on assay...
2024-08-10 10:59:18,793:ERROR:Error during concurrent update simulation on assay: 1406 (22001): Data too long for column 'assay_type' at row 1
2024-08-10 10:59:18,793:ERROR:Error during concurrent update simulation on assay: 1406 (22001): Data too long for column 'assay_type' at row 1
2024-08-10 10:59:18,793:INFO:Database connection closed.
2024-08-10 10:59:18,794:INFO:Database connection closed.
2024-08-10 11:01:45,233:INFO:Connected to database1 at localhost
2024-08-10 11:01:45,237:INFO:Connected to database2 at localhost
2024-08-10 11:01:45,239:INFO:Executed: /*!40101 SET @OLD_CHARACTER_SET_RESULTS=@@CHARACTER_SET_RESULTS */
2024-08-10 11:01:45,240:INFO:Executed: /*!40101 SET @OLD_COLLATION_CONNECTION=@@COLLATION_CONNECTION */
2024-08-10 11:01:45,240:INFO:Executed: /*!50503 SET NAMES utf8mb4 */
2024-08-10 11:01:45,241:INFO:Executed: /*!40103 SET @OLD_TIME_ZONE=@@TIME_ZONE */
2024-08-10 11:01:45,241:INFO:Executed: /*!40103 SET TIME_ZONE='+00:00' */
2024-08-10 11:01:45,241:INFO:Executed: /*!40014 SET @OLD_UNIQUE_CHECKS=@@UNIQUE_CHECKS, UNIQUE_CHECKS=0 */
2024-08-10 11:01:45,241:INFO:Executed: /*!40014 SET @OLD_FOREIGN_KEY_CHECKS=@@FOREIGN_KEY_CHECKS, FOREIGN_KEY_CHECKS=0 */
2024-08-10 11:01:45,242:INFO:Executed: /*!40101 SET @OLD_SQL_MODE=@@SQL_MODE, SQL_MODE='NO_AUTO_VALUE_ON_ZERO' */
2024-08-10 11:01:45,242:INFO:Executed: /*!40111 SET @OLD_SQL_NOTES=@@SQL_NOTES, SQL_NOTES=0 */
2024-08-10 11:01:45,242:INFO:Executed: /*!40101 SET @saved_cs_client     = @@character_set_client */
2024-08-10 11:01:45,350:INFO:Executed: /*!50503 SET character_set_client = utf8mb4 */
2024-08-10 11:01:45,351:INFO:Executed: CREATE TABLE `assay` (
  `pkey` int NOT NULL AUTO_INCREMENT,
  `assay_id` varchar(40) NOT NULL,
  `assay_type` varchar(10) DEFAULT NULL,
  `compound_pkey` int NOT NULL,
  `target_pkey` int NOT NULL,
  `assay_ic50` float DEFAULT NULL,
  `datestamp` datetime DEFAULT NULL,
  PRIMARY KEY (`pkey`),
  KEY `assay_target_FK` (`target_pkey`),
  KEY `assay_compounds_FK` (`compound_pkey`),
  CONSTRAINT `assay_compounds_FK` FOREIGN KEY (`compound_pkey`) REFERENCES `compounds` (`pkey`),
  CONSTRAINT `assay_target_FK` FOREIGN KEY (`target_pkey`) REFERENCES `target` (`pkey`)
) ENGINE=InnoDB AUTO_INCREMENT=16 DEFAULT CHARSET=utf8mb4 COLLATE=utf8mb4_0900_ai_ci
2024-08-10 11:01:45,351:INFO:Executed: /*!40101 SET character_set_client = @saved_cs_client */
2024-08-10 11:01:45,594:INFO:Executed: /*!40000 ALTER TABLE `assay` DISABLE KEYS */
2024-08-10 11:01:45,594:INFO:Executed: INSERT INTO `assay` VALUES (1,'Assay1',NULL,1,1,0.000004,'2024-05-14 14:48:11'),(2,'Assay2',NULL,2,1,0.658465,'2024-05-14 14:50:17'),(3,'Assay3',NULL,3,1,0.651651,'2024-05-14 14:58:19'),(4,'Assay4',NULL,4,4,0.77,'2024-05-14 14:58:22'),(5,'Assay5',NULL,5,4,0.5468,'2024-05-14 14:58:26'),(6,'Assay6',NULL,6,6,0.651652,'2024-05-14 14:58:30'),(7,'Assay7',NULL,7,7,0.65,'2024-05-14 15:01:17'),(8,'Assay8',NULL,8,8,0.651,'2024-05-14 15:01:25'),(9,'Assay9',NULL,9,10,0.651,'2024-05-14 14:58:42'),(10,'Assay10',NULL,10,10,0.651,'2024-05-14 14:58:45'),(11,'Assay11',NULL,11,10,0.000045,'2024-05-14 15:10:19'),(12,'Assay12',NULL,11,13,0.6516,'2024-05-14 15:10:57'),(13,'Assay13',NULL,13,13,0.0000009,'2024-05-14 15:10:29'),(14,'Assay14',NULL,14,13,0.000651651,'2024-05-14 15:10:35'),(15,'Assay15',NULL,15,13,0.054651,'2024-05-14 15:10:40')
2024-08-10 11:01:45,596:INFO:Executed: /*!40000 ALTER TABLE `assay` ENABLE KEYS */
2024-08-10 11:01:45,618:INFO:Executed: UNLOCK TABLES
2024-08-10 11:01:45,620:INFO:Executed: /*!40101 SET @saved_cs_client     = @@character_set_client */
2024-08-10 11:01:45,708:INFO:Executed: /*!50503 SET character_set_client = utf8mb4 */
2024-08-10 11:01:45,708:INFO:Executed: CREATE TABLE `compounds` (
  `pkey` int NOT NULL AUTO_INCREMENT,
  `compoundid` varchar(20) NOT NULL,
  `preferredname` varchar(255) DEFAULT NULL,
  `smiles` varchar(500) NOT NULL,
  `datestamp` datetime DEFAULT NULL,
  PRIMARY KEY (`pkey`)
) ENGINE=InnoDB AUTO_INCREMENT=16 DEFAULT CHARSET=utf8mb4 COLLATE=utf8mb4_0900_ai_ci
2024-08-10 11:01:45,948:INFO:Executed: /*!40101 SET character_set_client = @saved_cs_client */
2024-08-10 11:01:45,948:INFO:Executed: /*!40000 ALTER TABLE `compounds` DISABLE KEYS */
2024-08-10 11:01:45,949:INFO:Executed: INSERT INTO `compounds` VALUES (1,'Compound1','one','O=Cc1ccc(O)c(OC)c1','2024-05-14 14:48:10'),(2,'Compound2','two','CC(=O)NCCC1=CNc2c1cc(OC)cc2','2024-05-14 14:50:15'),(3,'Compound3','three','CCc(c1)ccc2[n+]1ccc3c2[nH]c4c3cccc4','2024-05-14 14:58:17'),(4,'Compound4','four','CN1CCC[C@H]1c2cccnc2','2024-05-14 14:58:21'),(5,'Compound5','five','CCC[C@@H](O)CC\\C=C\\C=C\\C#CC#C\\C=C\\CO','2024-05-14 14:58:24'),(6,'Compound6','six','CC1=C(C(=O)C[C@@H]1OC(=O)[C@@H]2[C@H]','2024-05-14 14:58:28'),(7,'Compound7','seven','O1C=C[C@H]([C@H]1O2)c3c2cc(OC)c4c3OC(=O)C5=C4CCC(=O)5','2024-05-14 15:01:15'),(8,'Compound8','eight','OC[C@@H](O1)[C@@H](O)[C@H](O)[C@@H](O)[C@H](O)1','2024-05-14 15:01:22'),(9,'Compound9','nine','OC[C@@H](O1)[C@@H](O)[C@H](O)','2024-05-14 14:58:40'),(10,'Compound10','ten','CC(=O)OCCC(/C)=C\\C[C@H](C(C)=C)CCC=C','2024-05-14 14:58:43'),(11,'Compound11','eleven','CC[C@H](O1)CC[C@@]12CCCO2','2024-05-14 15:10:18'),(12,'Compound12','twelve','CC(C)[C@@]12C[C@@H]1[C@@H](C)C(=O)C2','2024-05-14 15:10:24'),(13,'Compound13','thirteen','OCCc1c(C)[n+](cs1)Cc2cnc(C)nc2N','2024-05-14 15:10:27'),(14,'Compound14','one','COc1cc(C=O)ccc1O','2024-05-14 15:10:33'),(15,'Compound15','two','CC(=O)NCCc1c[nH]c2ccc(OC)cc12','2024-05-14 15:10:38')
2024-08-10 11:01:46,160:INFO:Executed: /*!40000 ALTER TABLE `compounds` ENABLE KEYS */
2024-08-10 11:01:46,161:INFO:Executed: UNLOCK TABLES
2024-08-10 11:01:46,161:INFO:Executed: /*!40101 SET @saved_cs_client     = @@character_set_client */
2024-08-10 11:01:46,171:INFO:Executed: /*!50503 SET character_set_client = utf8mb4 */
2024-08-10 11:01:46,171:INFO:Executed: CREATE TABLE `target` (
  `pkey` int NOT NULL AUTO_INCREMENT,
  `gene_symbol` varchar(25) NOT NULL,
  `synonyms` varchar(250) DEFAULT NULL,
  `description` varchar(255) DEFAULT NULL,
  `ncbi_gene_id` bigint NOT NULL,
  `datestamp` datetime NOT NULL,
  PRIMARY KEY (`pkey`)
) ENGINE=InnoDB AUTO_INCREMENT=21 DEFAULT CHARSET=utf8mb4 COLLATE=utf8mb4_0900_ai_ci
2024-08-10 11:01:46,223:INFO:Executed: /*!40101 SET character_set_client = @saved_cs_client */
2024-08-10 11:01:46,224:INFO:Executed: /*!40000 ALTER TABLE `target` DISABLE KEYS */
2024-08-10 11:01:46,317:INFO:Executed: INSERT INTO `target` VALUES (1,'Target1','one','First target',1,'2024-05-14 14:48:00'),(2,'Target2','two','Second target',2,'2024-05-14 14:50:00'),(3,'Target3','three','Third target',3,'2024-05-14 14:58:15'),(4,'Target4','four','Fourth target',4,'2024-05-14 14:58:20'),(5,'Target5','five','Fith target',5,'2024-05-14 14:58:22'),(6,'Target6','six','Sixth target',6,'2024-05-14 14:58:25'),(7,'Target7','seven','Seventh target',7,'2024-05-14 15:01:10'),(8,'Target8','eight','Eighth target',8,'2024-05-14 15:01:15'),(9,'Target9','nine','Nineth target',9,'2024-05-14 14:58:35'),(10,'Target10','ten','Tenth target',10,'2024-05-14 14:58:40'),(11,'Target11','eleven','Eleventh target',11,'2024-05-14 15:10:15'),(12,'Target12','twelve','Twelvth target',12,'2024-05-14 15:10:20'),(13,'Target13','thirteen','Thirteenth target',13,'2024-05-14 15:10:25'),(14,'Target14','fourteen','Fourteenth target',14,'2024-05-14 15:10:30'),(15,'Target15','fithteen','Fifteenth target',15,'2024-05-14 15:10:35'),(16,'Target17','seventeen','Seventeenth target',17,'2024-05-14 15:35:00'),(17,'Target18','eighteen','Eighteenth target',18,'2024-05-14 15:35:15'),(18,'Target20','Twenty','Twentyth target',20,'2024-05-14 15:45:15'),(19,'Target21','Twenty one','Twenty first target',21,'2024-05-14 15:46:00'),(20,'Target22','Twenty two','Twenty second target',22,'2024-05-14 15:47:00')
2024-08-10 11:01:46,318:INFO:Executed: /*!40000 ALTER TABLE `target` ENABLE KEYS */
2024-08-10 11:01:46,318:INFO:Executed: UNLOCK TABLES
2024-08-10 11:01:46,469:INFO:Executed: /*!40101 SET SQL_MODE=@OLD_SQL_MODE */
2024-08-10 11:01:46,470:INFO:Executed: /*!40014 SET FOREIGN_KEY_CHECKS=@OLD_FOREIGN_KEY_CHECKS */
2024-08-10 11:01:46,470:INFO:Executed: /*!40014 SET UNIQUE_CHECKS=@OLD_UNIQUE_CHECKS */
2024-08-10 11:01:46,488:INFO:Executed: /*!40101 SET CHARACTER_SET_CLIENT=@OLD_CHARACTER_SET_CLIENT */
2024-08-10 11:01:46,489:INFO:Executed: /*!40101 SET CHARACTER_SET_RESULTS=@OLD_CHARACTER_SET_RESULTS */
2024-08-10 11:01:46,549:INFO:Executed: /*!40101 SET COLLATION_CONNECTION=@OLD_COLLATION_CONNECTION */
2024-08-10 11:01:46,549:INFO:Executed: /*!40111 SET SQL_NOTES=@OLD_SQL_NOTES */
2024-08-10 11:01:46,550:INFO:Executed: stmt_overflow!
2024-08-10 11:01:46,550:INFO:Executed: stmt_overflow!
2024-08-10 11:01:46,550:INFO:Executed: stmt_overflow!
2024-08-10 11:01:46,550:INFO:Executed: stmt_overflow!
2024-08-10 11:01:46,551:INFO:Executed: stmt_overflow!
2024-08-10 11:01:46,551:INFO:Executed: stmt_overflow!
2024-08-10 11:01:46,551:INFO:Executed: stmt_overflow!
2024-08-10 11:01:46,552:INFO:Executed: stmt_overflow!
2024-08-10 11:01:46,552:INFO:Executed: stmt_overflow!
2024-08-10 11:01:46,552:INFO:Executed SQL file: data/dump-database1.sql
2024-08-10 11:01:46,555:INFO:Executed: /*!40101 SET @OLD_CHARACTER_SET_RESULTS=@@CHARACTER_SET_RESULTS */
2024-08-10 11:01:46,555:INFO:Executed: /*!40101 SET @OLD_COLLATION_CONNECTION=@@COLLATION_CONNECTION */
2024-08-10 11:01:46,555:INFO:Executed: /*!50503 SET NAMES utf8mb4 */
2024-08-10 11:01:46,556:INFO:Executed: /*!40103 SET @OLD_TIME_ZONE=@@TIME_ZONE */
2024-08-10 11:01:46,556:INFO:Executed: /*!40103 SET TIME_ZONE='+00:00' */
2024-08-10 11:01:46,556:INFO:Executed: /*!40014 SET @OLD_UNIQUE_CHECKS=@@UNIQUE_CHECKS, UNIQUE_CHECKS=0 */
2024-08-10 11:01:46,556:INFO:Executed: /*!40014 SET @OLD_FOREIGN_KEY_CHECKS=@@FOREIGN_KEY_CHECKS, FOREIGN_KEY_CHECKS=0 */
2024-08-10 11:01:46,557:INFO:Executed: /*!40101 SET @OLD_SQL_MODE=@@SQL_MODE, SQL_MODE='NO_AUTO_VALUE_ON_ZERO' */
2024-08-10 11:01:46,557:INFO:Executed: /*!40111 SET @OLD_SQL_NOTES=@@SQL_NOTES, SQL_NOTES=0 */
2024-08-10 11:01:46,557:INFO:Executed: /*!40101 SET @saved_cs_client     = @@character_set_client */
2024-08-10 11:01:46,728:INFO:Executed: /*!50503 SET character_set_client = utf8mb4 */
2024-08-10 11:01:46,728:INFO:Executed: CREATE TABLE `assay` (
  `pkey` int NOT NULL AUTO_INCREMENT,
  `assay_id` varchar(40) NOT NULL,
  `assay_type` varchar(10) DEFAULT NULL,
  `compound_pkey` int NOT NULL,
  `target_pkey` int NOT NULL,
  `assay_ic50` float DEFAULT NULL,
  `datestamp` datetime DEFAULT NULL,
  PRIMARY KEY (`pkey`),
  KEY `assay_target_FK` (`target_pkey`),
  KEY `assay_compounds_FK` (`compound_pkey`),
  CONSTRAINT `assay_compounds_FK` FOREIGN KEY (`compound_pkey`) REFERENCES `compounds` (`pkey`),
  CONSTRAINT `assay_target_FK` FOREIGN KEY (`target_pkey`) REFERENCES `target` (`pkey`)
) ENGINE=InnoDB AUTO_INCREMENT=11 DEFAULT CHARSET=utf8mb4 COLLATE=utf8mb4_0900_ai_ci
2024-08-10 11:01:46,729:INFO:Executed: /*!40101 SET character_set_client = @saved_cs_client */
2024-08-10 11:01:46,945:INFO:Executed: /*!40000 ALTER TABLE `assay` DISABLE KEYS */
2024-08-10 11:01:46,946:INFO:Executed: INSERT INTO `assay` VALUES (1,'Assay1','',1,1,0.000004,'2024-05-14 14:48:11'),(2,'Assay2','',2,1,0.6516,'2024-05-14 14:50:17'),(3,'Assay3','',3,1,0.651651,'2024-05-14 14:58:19'),(4,'Assay4','',4,4,0.77,'2024-05-14 14:58:22'),(5,'Assay5','',5,4,0.5468,'2024-05-14 14:58:26'),(6,'Assay6','',6,11,0.65165,'2024-05-14 15:38:00'),(7,'Assay7','',7,7,0.65,'2024-05-14 15:01:17'),(8,'Assay8','',8,8,0.7,'2024-05-14 15:01:25'),(9,'Assay9','',9,10,0.651,'2024-05-14 14:58:42'),(10,'Assay10','',10,12,0.968136,'2024-05-14 16:00:04')
2024-08-10 11:01:46,946:INFO:Executed: /*!40000 ALTER TABLE `assay` ENABLE KEYS */
2024-08-10 11:01:46,957:INFO:Executed: UNLOCK TABLES
2024-08-10 11:01:46,957:INFO:Executed: /*!40101 SET @saved_cs_client     = @@character_set_client */
2024-08-10 11:01:47,006:INFO:Executed: /*!50503 SET character_set_client = utf8mb4 */
2024-08-10 11:01:47,006:INFO:Executed: CREATE TABLE `compounds` (
  `pkey` int NOT NULL AUTO_INCREMENT,
  `compoundid` varchar(20) NOT NULL,
  `preferredname` varchar(255) DEFAULT NULL,
  `smiles` varchar(500) NOT NULL,
  `datestamp` datetime DEFAULT NULL,
  PRIMARY KEY (`pkey`)
) ENGINE=InnoDB AUTO_INCREMENT=11 DEFAULT CHARSET=utf8mb4 COLLATE=utf8mb4_0900_ai_ci
2024-08-10 11:01:47,112:INFO:Executed: /*!40101 SET character_set_client = @saved_cs_client */
2024-08-10 11:01:47,113:INFO:Executed: /*!40000 ALTER TABLE `compounds` DISABLE KEYS */
2024-08-10 11:01:47,113:INFO:Executed: INSERT INTO `compounds` VALUES (1,'Compound1','one','O=Cc1ccc(O)c(OC)c1','2024-05-14 14:48:10'),(2,'Compound2','two','CC(=O)NCCC1=CNc2c1cc(OC)cc2','2024-05-14 14:50:15'),(3,'Compound3','three','CCc(c1)ccc2[n+]1ccc3c2[nH]c4c3cccc4','2024-05-14 14:58:17'),(4,'Compound4','four','CN1CCC[C@H]1c2cccnc2','2024-05-14 14:58:21'),(5,'Compound5','five','CCC[C@@H](O)CC\\C=C\\C=C\\C#CC#C\\C=C\\CO','2024-05-14 14:58:24'),(6,'Compound6','six','CC1=C(C(=O)C[C@@H]1OC(=O)[C@@H]2[C@H]','2024-05-14 14:58:28'),(7,'Compound7','seven','O1C=C[C@H]([C@H]1O2)c3c2cc(OC)c4c3OC(=O)C5=C4CCC(=O)5','2024-05-14 15:01:15'),(8,'Compound8','eight','OC[C@@H](O1)[C@@H](O)[C@H](O)[C@@H](O)[C@H](O)1','2024-05-14 15:01:22'),(9,'Compound9','nine','OC[C@@H](O1)[C@@H](O)[C@H](O)','2024-05-14 14:58:40'),(10,'Compound10','ten','CC(=O)OCCC(/C)=C\\C[C@H](C(C)=C)CCC=C','2024-05-14 14:58:43')
2024-08-10 11:01:47,274:INFO:Executed: /*!40000 ALTER TABLE `compounds` ENABLE KEYS */
2024-08-10 11:01:47,274:INFO:Executed: UNLOCK TABLES
2024-08-10 11:01:47,275:INFO:Executed: /*!40101 SET @saved_cs_client     = @@character_set_client */
2024-08-10 11:01:47,292:INFO:Executed: /*!50503 SET character_set_client = utf8mb4 */
2024-08-10 11:01:47,293:INFO:Executed: CREATE TABLE `target` (
  `pkey` int NOT NULL AUTO_INCREMENT,
  `gene_symbol` varchar(25) NOT NULL,
  `synonyms` varchar(250) DEFAULT NULL,
  `description` varchar(255) DEFAULT NULL,
  `ncbi_gene_id` bigint NOT NULL,
  `datestamp` datetime NOT NULL,
  PRIMARY KEY (`pkey`)
) ENGINE=InnoDB AUTO_INCREMENT=13 DEFAULT CHARSET=utf8mb4 COLLATE=utf8mb4_0900_ai_ci
2024-08-10 11:01:47,351:INFO:Executed: /*!40101 SET character_set_client = @saved_cs_client */
2024-08-10 11:01:47,351:INFO:Executed: /*!40000 ALTER TABLE `target` DISABLE KEYS */
2024-08-10 11:01:47,443:INFO:Executed: INSERT INTO `target` VALUES (1,'Target1','one','First target',1,'2024-05-14 14:58:00'),(2,'Target2','two','Second target',2,'2024-05-14 14:58:10'),(3,'Target3','three','Third target',3,'2024-05-14 14:58:15'),(4,'Target4','four','Fourth target',4,'2024-05-14 14:58:20'),(5,'Target5','five','Fith target',5,'2024-05-14 14:58:22'),(6,'Target6','six','Sixth target',6,'2024-05-14 14:58:25'),(7,'Target7','seven','Seventh target',7,'2024-05-14 14:58:28'),(8,'Target8','eight','Eighth target',8,'2024-05-14 14:58:30'),(9,'Target9','nine','Nineth target',9,'2024-05-14 14:58:35'),(10,'Target10','ten','Tenth target',10,'2024-05-14 14:58:40'),(11,'Target16','Sixteen','Sixteenth target',16,'2024-05-14 15:34:00'),(12,'Target19','Nineteen','ineteenth target',19,'2024-05-14 15:45:00')
2024-08-10 11:01:47,444:INFO:Executed: /*!40000 ALTER TABLE `target` ENABLE KEYS */
2024-08-10 11:01:47,444:INFO:Executed: UNLOCK TABLES
2024-08-10 11:01:47,606:INFO:Executed: /*!40101 SET SQL_MODE=@OLD_SQL_MODE */
2024-08-10 11:01:47,607:INFO:Executed: /*!40014 SET FOREIGN_KEY_CHECKS=@OLD_FOREIGN_KEY_CHECKS */
2024-08-10 11:01:47,607:INFO:Executed: /*!40014 SET UNIQUE_CHECKS=@OLD_UNIQUE_CHECKS */
2024-08-10 11:01:47,622:INFO:Executed: /*!40101 SET CHARACTER_SET_CLIENT=@OLD_CHARACTER_SET_CLIENT */
2024-08-10 11:01:47,623:INFO:Executed: /*!40101 SET CHARACTER_SET_RESULTS=@OLD_CHARACTER_SET_RESULTS */
2024-08-10 11:01:47,692:INFO:Executed: /*!40101 SET COLLATION_CONNECTION=@OLD_COLLATION_CONNECTION */
2024-08-10 11:01:47,693:INFO:Executed: /*!40111 SET SQL_NOTES=@OLD_SQL_NOTES */
2024-08-10 11:01:47,693:INFO:Executed: stmt_overflow!
2024-08-10 11:01:47,694:INFO:Executed: stmt_overflow!
2024-08-10 11:01:47,694:INFO:Executed: stmt_overflow!
2024-08-10 11:01:47,694:INFO:Executed: stmt_overflow!
2024-08-10 11:01:47,694:INFO:Executed: stmt_overflow!
2024-08-10 11:01:47,694:INFO:Executed: stmt_overflow!
2024-08-10 11:01:47,695:INFO:Executed: stmt_overflow!
2024-08-10 11:01:47,695:INFO:Executed: stmt_overflow!
2024-08-10 11:01:47,695:INFO:Executed: stmt_overflow!
2024-08-10 11:01:47,695:INFO:Executed SQL file: data/dump-database2.sql
2024-08-10 11:01:47,696:INFO:Synchronizing table target from database1 to database2...
2024-08-10 11:01:47,697:INFO:Updated record with pkey 1 in target.
2024-08-10 11:01:47,698:INFO:Updated record with pkey 2 in target.
2024-08-10 11:01:47,698:INFO:Updated record with pkey 7 in target.
2024-08-10 11:01:47,699:INFO:Updated record with pkey 8 in target.
2024-08-10 11:01:47,699:INFO:Updated record with pkey 11 in target.
2024-08-10 11:01:47,700:INFO:Updated record with pkey 12 in target.
2024-08-10 11:01:47,700:INFO:Inserted new record with pkey 13 into target.
2024-08-10 11:01:47,700:INFO:Inserted new record with pkey 14 into target.
2024-08-10 11:01:47,701:INFO:Inserted new record with pkey 15 into target.
2024-08-10 11:01:47,701:INFO:Inserted new record with pkey 16 into target.
2024-08-10 11:01:47,701:INFO:Inserted new record with pkey 17 into target.
2024-08-10 11:01:47,702:INFO:Inserted new record with pkey 18 into target.
2024-08-10 11:01:47,702:INFO:Inserted new record with pkey 19 into target.
2024-08-10 11:01:47,702:INFO:Inserted new record with pkey 20 into target.
2024-08-10 11:01:47,726:INFO:Synchronized table: target
2024-08-10 11:01:47,727:INFO:Synchronizing table target from database1 to database2...
2024-08-10 11:01:47,728:INFO:Synchronized table: target
2024-08-10 11:01:47,728:INFO:Synchronizing table compounds from database1 to database2...
2024-08-10 11:01:47,730:INFO:Inserted new record with pkey 11 into compounds.
2024-08-10 11:01:47,730:INFO:Inserted new record with pkey 12 into compounds.
2024-08-10 11:01:47,730:INFO:Inserted new record with pkey 13 into compounds.
2024-08-10 11:01:47,731:INFO:Inserted new record with pkey 14 into compounds.
2024-08-10 11:01:47,731:INFO:Inserted new record with pkey 15 into compounds.
2024-08-10 11:01:47,754:INFO:Synchronized table: compounds
2024-08-10 11:01:47,755:INFO:Synchronizing table compounds from database1 to database2...
2024-08-10 11:01:47,756:INFO:Synchronized table: compounds
2024-08-10 11:01:47,756:INFO:Synchronizing table assay from database1 to database2...
2024-08-10 11:01:47,759:INFO:Updated record with pkey 1 in assay.
2024-08-10 11:01:47,759:INFO:Updated record with pkey 2 in assay.
2024-08-10 11:01:47,759:INFO:Updated record with pkey 3 in assay.
2024-08-10 11:01:47,760:INFO:Updated record with pkey 4 in assay.
2024-08-10 11:01:47,760:INFO:Updated record with pkey 5 in assay.
2024-08-10 11:01:47,761:INFO:Updated record with pkey 6 in assay.
2024-08-10 11:01:47,761:INFO:Updated record with pkey 7 in assay.
2024-08-10 11:01:47,762:INFO:Updated record with pkey 8 in assay.
2024-08-10 11:01:47,762:INFO:Updated record with pkey 9 in assay.
2024-08-10 11:01:47,762:INFO:Updated record with pkey 10 in assay.
2024-08-10 11:01:47,763:INFO:Inserted new record with pkey 11 into assay.
2024-08-10 11:01:47,763:INFO:Inserted new record with pkey 12 into assay.
2024-08-10 11:01:47,764:INFO:Inserted new record with pkey 13 into assay.
2024-08-10 11:01:47,764:INFO:Inserted new record with pkey 14 into assay.
2024-08-10 11:01:47,765:INFO:Inserted new record with pkey 15 into assay.
2024-08-10 11:01:47,794:INFO:Synchronized table: assay
2024-08-10 11:01:47,794:INFO:Synchronizing table assay from database1 to database2...
2024-08-10 11:01:47,795:INFO:Synchronized table: assay
2024-08-10 11:01:47,796:INFO:Populating 1000 records in compounds...
2024-08-10 11:01:48,063:INFO:Populated 1000 records in compounds
2024-08-10 11:01:48,064:INFO:Simulating concurrent update on assay...
2024-08-10 11:01:48,093:INFO:Simulating concurrent update on assay...
2024-08-10 11:01:48,093:INFO:Concurrent update performed on assay
2024-08-10 11:01:48,118:INFO:Concurrent update performed on assay
2024-08-10 11:01:48,118:INFO:Database connection closed.
2024-08-10 11:01:48,118:INFO:Database connection closed.
